<?xml version="1.0" encoding="UTF-8"?>
<!-- Generated by org.testng.reporters.JUnitXMLReporter -->
<testsuite ignored="0" hostname="DESKTOP-SQP9PHG" failures="0" tests="3" name="Test" time="0.091" errors="0" timestamp="2023-05-16T23:45:21 GMT-07:00">
  <testcase classname="testscripts.Group1" name="verify_a" time="0.018"/>
  <testcase classname="testscripts.Group1" name="verify_b" time="0.002"/>
  <testcase classname="testscripts.Group1" name="verify_c" time="0.002"/>
</testsuite> <!-- Test -->
